<?xml version="1.0" encoding="UTF-8"?>
<coverage generated="1699572124284" clover="3.2.0">
  <project timestamp="1699572124284" name="All files">
    <metrics statements="230" coveredstatements="152" conditionals="54" coveredconditionals="38" methods="80" coveredmethods="44" elements="364" coveredelements="234" complexity="0" loc="230" ncloc="230" packages="15" files="26" classes="26"/>
    <package name="__mock__">
      <metrics statements="1" coveredstatements="1" conditionals="0" coveredconditionals="0" methods="0" coveredmethods="0"/>
      <file name="fileMock.jsx" path="C:\Users\angel\Documents\vite-project\src\__mock__\fileMock.jsx">
        <metrics statements="1" coveredstatements="1" conditionals="0" coveredconditionals="0" methods="0" coveredmethods="0"/>
        <line num="1" count="1" type="stmt"/>
      </file>
    </package>
    <package name="components.buttons.deleteButton.deleteSelectedButton">
      <metrics statements="6" coveredstatements="5" conditionals="4" coveredconditionals="2" methods="4" coveredmethods="3"/>
      <file name="deleteButton.jsx" path="C:\Users\angel\Documents\vite-project\src\components\buttons\deleteButton\deleteSelectedButton\deleteButton.jsx">
        <metrics statements="3" coveredstatements="2" conditionals="0" coveredconditionals="0" methods="2" coveredmethods="1"/>
        <line num="5" count="20" type="stmt"/>
        <line num="6" count="0" type="stmt"/>
        <line num="9" count="20" type="stmt"/>
      </file>
      <file name="styled.jsx" path="C:\Users\angel\Documents\vite-project\src\components\buttons\deleteButton\deleteSelectedButton\styled.jsx">
        <metrics statements="3" coveredstatements="3" conditionals="4" coveredconditionals="2" methods="2" coveredmethods="2"/>
        <line num="4" count="1" type="stmt"/>
        <line num="15" count="20" type="cond" truecount="1" falsecount="1"/>
        <line num="16" count="20" type="cond" truecount="1" falsecount="1"/>
      </file>
    </package>
    <package name="components.buttons.dialogButtons">
      <metrics statements="10" coveredstatements="9" conditionals="8" coveredconditionals="7" methods="3" coveredmethods="3"/>
      <file name="dialogButtons.jsx" path="C:\Users\angel\Documents\vite-project\src\components\buttons\dialogButtons\dialogButtons.jsx">
        <metrics statements="9" coveredstatements="8" conditionals="8" coveredconditionals="7" methods="3" coveredmethods="3"/>
        <line num="7" count="40" type="stmt"/>
        <line num="10" count="115" type="stmt"/>
        <line num="28" count="230" type="cond" truecount="5" falsecount="1"/>
        <line num="30" count="70" type="stmt"/>
        <line num="32" count="70" type="stmt"/>
        <line num="34" count="10" type="stmt"/>
        <line num="36" count="70" type="stmt"/>
        <line num="38" count="10" type="stmt"/>
        <line num="40" count="0" type="stmt"/>
      </file>
      <file name="styled.jsx" path="C:\Users\angel\Documents\vite-project\src\components\buttons\dialogButtons\styled.jsx">
        <metrics statements="1" coveredstatements="1" conditionals="0" coveredconditionals="0" methods="0" coveredmethods="0"/>
        <line num="4" count="1" type="stmt"/>
      </file>
    </package>
    <package name="components.buttons.plusButton">
      <metrics statements="1" coveredstatements="1" conditionals="0" coveredconditionals="0" methods="1" coveredmethods="1"/>
      <file name="plusButton.jsx" path="C:\Users\angel\Documents\vite-project\src\components\buttons\plusButton\plusButton.jsx">
        <metrics statements="1" coveredstatements="1" conditionals="0" coveredconditionals="0" methods="1" coveredmethods="1"/>
        <line num="7" count="20" type="stmt"/>
      </file>
    </package>
    <package name="components.datagrid">
      <metrics statements="26" coveredstatements="21" conditionals="10" coveredconditionals="8" methods="11" coveredmethods="7"/>
      <file name="datagrid.jsx" path="C:\Users\angel\Documents\vite-project\src\components\datagrid\datagrid.jsx">
        <metrics statements="25" coveredstatements="20" conditionals="10" coveredconditionals="8" methods="11" coveredmethods="7"/>
        <line num="21" count="38" type="stmt"/>
        <line num="22" count="38" type="stmt"/>
        <line num="24" count="38" type="stmt"/>
        <line num="25" count="38" type="stmt"/>
        <line num="27" count="38" type="cond" truecount="1" falsecount="1"/>
        <line num="29" count="0" type="stmt"/>
        <line num="34" count="38" type="stmt"/>
        <line num="35" count="38" type="stmt"/>
        <line num="36" count="38" type="stmt"/>
        <line num="38" count="38" type="stmt"/>
        <line num="40" count="38" type="stmt"/>
        <line num="41" count="0" type="stmt"/>
        <line num="44" count="38" type="stmt"/>
        <line num="45" count="82" type="cond" truecount="1" falsecount="1"/>
        <line num="46" count="0" type="stmt"/>
        <line num="48" count="82" type="stmt"/>
        <line num="51" count="38" type="stmt"/>
        <line num="72" count="82" type="stmt"/>
        <line num="77" count="0" type="stmt"/>
        <line num="83" count="13" type="stmt"/>
        <line num="84" count="13" type="stmt"/>
        <line num="111" count="39" type="stmt"/>
        <line num="113" count="0" type="stmt"/>
        <line num="125" count="3" type="stmt"/>
        <line num="136" count="10" type="stmt"/>
      </file>
      <file name="styled.jsx" path="C:\Users\angel\Documents\vite-project\src\components\datagrid\styled.jsx">
        <metrics statements="1" coveredstatements="1" conditionals="0" coveredconditionals="0" methods="0" coveredmethods="0"/>
        <line num="4" count="1" type="stmt"/>
      </file>
    </package>
    <package name="components.dialogs">
      <metrics statements="1" coveredstatements="1" conditionals="0" coveredconditionals="0" methods="1" coveredmethods="1"/>
      <file name="genericDialog.jsx" path="C:\Users\angel\Documents\vite-project\src\components\dialogs\genericDialog.jsx">
        <metrics statements="1" coveredstatements="1" conditionals="0" coveredconditionals="0" methods="1" coveredmethods="1"/>
        <line num="6" count="40" type="stmt"/>
      </file>
    </package>
    <package name="components.filter">
      <metrics statements="4" coveredstatements="3" conditionals="0" coveredconditionals="0" methods="2" coveredmethods="1"/>
      <file name="filter.jsx" path="C:\Users\angel\Documents\vite-project\src\components\filter\filter.jsx">
        <metrics statements="3" coveredstatements="2" conditionals="0" coveredconditionals="0" methods="2" coveredmethods="1"/>
        <line num="7" count="20" type="stmt"/>
        <line num="8" count="0" type="stmt"/>
        <line num="11" count="20" type="stmt"/>
      </file>
      <file name="styled.jsx" path="C:\Users\angel\Documents\vite-project\src\components\filter\styled.jsx">
        <metrics statements="1" coveredstatements="1" conditionals="0" coveredconditionals="0" methods="0" coveredmethods="0"/>
        <line num="4" count="1" type="stmt"/>
      </file>
    </package>
    <package name="components.form">
      <metrics statements="10" coveredstatements="6" conditionals="0" coveredconditionals="0" methods="7" coveredmethods="3"/>
      <file name="form.jsx" path="C:\Users\angel\Documents\vite-project\src\components\form\form.jsx">
        <metrics statements="9" coveredstatements="5" conditionals="0" coveredconditionals="0" methods="7" coveredmethods="3"/>
        <line num="16" count="12" type="stmt"/>
        <line num="18" count="12" type="stmt"/>
        <line num="19" count="2" type="stmt"/>
        <line num="22" count="12" type="stmt"/>
        <line num="35" count="2" type="stmt"/>
        <line num="45" count="0" type="stmt"/>
        <line num="55" count="0" type="stmt"/>
        <line num="65" count="0" type="stmt"/>
        <line num="81" count="0" type="stmt"/>
      </file>
      <file name="styled.jsx" path="C:\Users\angel\Documents\vite-project\src\components\form\styled.jsx">
        <metrics statements="1" coveredstatements="1" conditionals="0" coveredconditionals="0" methods="0" coveredmethods="0"/>
        <line num="4" count="1" type="stmt"/>
      </file>
    </package>
    <package name="components.navbar">
      <metrics statements="5" coveredstatements="5" conditionals="2" coveredconditionals="2" methods="2" coveredmethods="2"/>
      <file name="navbar.jsx" path="C:\Users\angel\Documents\vite-project\src\components\navbar\navbar.jsx">
        <metrics statements="4" coveredstatements="4" conditionals="2" coveredconditionals="2" methods="2" coveredmethods="2"/>
        <line num="8" count="3" type="stmt"/>
        <line num="10" count="3" type="stmt"/>
        <line num="11" count="1" type="stmt"/>
        <line num="14" count="3" type="stmt"/>
      </file>
      <file name="styled.jsx" path="C:\Users\angel\Documents\vite-project\src\components\navbar\styled.jsx">
        <metrics statements="1" coveredstatements="1" conditionals="0" coveredconditionals="0" methods="0" coveredmethods="0"/>
        <line num="4" count="1" type="stmt"/>
      </file>
    </package>
    <package name="components.snackbar">
      <metrics statements="10" coveredstatements="7" conditionals="2" coveredconditionals="0" methods="2" coveredmethods="1"/>
      <file name="snackbar.jsx" path="C:\Users\angel\Documents\vite-project\src\components\snackbar\snackbar.jsx">
        <metrics statements="10" coveredstatements="7" conditionals="2" coveredconditionals="0" methods="2" coveredmethods="1"/>
        <line num="9" count="5" type="stmt"/>
        <line num="10" count="5" type="stmt"/>
        <line num="11" count="5" type="stmt"/>
        <line num="13" count="5" type="stmt"/>
        <line num="14" count="0" type="cond" truecount="0" falsecount="2"/>
        <line num="15" count="0" type="stmt"/>
        <line num="17" count="0" type="stmt"/>
        <line num="21" count="5" type="stmt"/>
        <line num="33" count="5" type="stmt"/>
        <line num="35" count="5" type="stmt"/>
      </file>
    </package>
    <package name="pages.receiversDatagrid">
      <metrics statements="48" coveredstatements="28" conditionals="18" coveredconditionals="11" methods="15" coveredmethods="6"/>
      <file name="receiversDatagrid.jsx" path="C:\Users\angel\Documents\vite-project\src\pages\receiversDatagrid\receiversDatagrid.jsx">
        <metrics statements="43" coveredstatements="23" conditionals="18" coveredconditionals="11" methods="15" coveredmethods="6"/>
        <line num="13" count="44" type="stmt"/>
        <line num="14" count="43" type="stmt"/>
        <line num="15" count="43" type="stmt"/>
        <line num="16" count="43" type="stmt"/>
        <line num="18" count="43" type="stmt"/>
        <line num="19" count="43" type="stmt"/>
        <line num="20" count="43" type="stmt"/>
        <line num="21" count="43" type="stmt"/>
        <line num="22" count="43" type="stmt"/>
        <line num="23" count="43" type="stmt"/>
        <line num="24" count="43" type="stmt"/>
        <line num="27" count="43" type="stmt"/>
        <line num="28" count="20" type="stmt"/>
        <line num="29" count="0" type="stmt"/>
        <line num="30" count="0" type="stmt"/>
        <line num="31" count="0" type="stmt"/>
        <line num="32" count="0" type="stmt"/>
        <line num="33" count="0" type="stmt"/>
        <line num="34" count="0" type="stmt"/>
        <line num="35" count="0" type="stmt"/>
        <line num="37" count="20" type="stmt"/>
        <line num="48" count="43" type="stmt"/>
        <line num="49" count="0" type="cond" truecount="0" falsecount="2"/>
        <line num="50" count="0" type="stmt"/>
        <line num="52" count="0" type="stmt"/>
        <line num="56" count="43" type="stmt"/>
        <line num="57" count="0" type="stmt"/>
        <line num="58" count="0" type="stmt"/>
        <line num="60" count="0" type="stmt"/>
        <line num="61" count="0" type="stmt"/>
        <line num="62" count="0" type="stmt"/>
        <line num="65" count="0" type="stmt"/>
        <line num="66" count="0" type="stmt"/>
        <line num="68" count="0" type="stmt"/>
        <line num="71" count="43" type="stmt"/>
        <line num="72" count="15" type="stmt"/>
        <line num="76" count="23" type="stmt"/>
        <line num="77" count="23" type="stmt"/>
        <line num="79" count="23" type="stmt"/>
        <line num="80" count="23" type="stmt"/>
        <line num="83" count="0" type="stmt"/>
        <line num="84" count="0" type="stmt"/>
        <line num="88" count="43" type="stmt"/>
      </file>
      <file name="styled.jsx" path="C:\Users\angel\Documents\vite-project\src\pages\receiversDatagrid\styled.jsx">
        <metrics statements="5" coveredstatements="5" conditionals="0" coveredconditionals="0" methods="0" coveredmethods="0"/>
        <line num="4" count="1" type="stmt"/>
        <line num="50" count="1" type="stmt"/>
        <line num="99" count="1" type="stmt"/>
        <line num="128" count="1" type="stmt"/>
        <line num="141" count="1" type="stmt"/>
      </file>
    </package>
    <package name="pages.receiversDatagrid.components">
      <metrics statements="71" coveredstatements="58" conditionals="8" coveredconditionals="6" methods="24" coveredmethods="15"/>
      <file name="dialogDetaills.jsx" path="C:\Users\angel\Documents\vite-project\src\pages\receiversDatagrid\components\dialogDetaills.jsx">
        <metrics statements="32" coveredstatements="30" conditionals="4" coveredconditionals="4" methods="11" coveredmethods="9"/>
        <line num="25" count="23" type="stmt"/>
        <line num="26" count="23" type="stmt"/>
        <line num="28" count="23" type="stmt"/>
        <line num="29" count="13" type="cond" truecount="2" falsecount="0"/>
        <line num="30" count="8" type="stmt"/>
        <line num="34" count="23" type="stmt"/>
        <line num="35" count="1" type="stmt"/>
        <line num="38" count="23" type="stmt"/>
        <line num="39" count="3" type="stmt"/>
        <line num="41" count="3" type="stmt"/>
        <line num="44" count="0" type="stmt"/>
        <line num="46" count="3" type="stmt"/>
        <line num="47" count="3" type="stmt"/>
        <line num="48" count="3" type="stmt"/>
        <line num="51" count="23" type="stmt"/>
        <line num="52" count="2" type="stmt"/>
        <line num="54" count="2" type="stmt"/>
        <line num="57" count="0" type="stmt"/>
        <line num="59" count="2" type="stmt"/>
        <line num="60" count="2" type="stmt"/>
        <line num="63" count="23" type="stmt"/>
        <line num="64" count="5" type="stmt"/>
        <line num="65" count="5" type="stmt"/>
        <line num="68" count="23" type="stmt"/>
        <line num="69" count="4" type="stmt"/>
        <line num="73" count="23" type="stmt"/>
        <line num="116" count="23" type="stmt"/>
        <line num="132" count="23" type="stmt"/>
        <line num="139" count="23" type="stmt"/>
        <line num="144" count="23" type="stmt"/>
        <line num="150" count="23" type="stmt"/>
        <line num="155" count="23" type="stmt"/>
      </file>
      <file name="dialogUpdate.jsx" path="C:\Users\angel\Documents\vite-project\src\pages\receiversDatagrid\components\dialogUpdate.jsx">
        <metrics statements="35" coveredstatements="25" conditionals="4" coveredconditionals="2" methods="11" coveredmethods="5"/>
        <line num="25" count="12" type="stmt"/>
        <line num="26" count="12" type="stmt"/>
        <line num="27" count="12" type="stmt"/>
        <line num="29" count="12" type="stmt"/>
        <line num="37" count="12" type="stmt"/>
        <line num="38" count="5" type="cond" truecount="1" falsecount="1"/>
        <line num="39" count="5" type="stmt"/>
        <line num="49" count="12" type="stmt"/>
        <line num="50" count="2" type="stmt"/>
        <line num="57" count="3" type="stmt"/>
        <line num="58" count="3" type="stmt"/>
        <line num="67" count="3" type="stmt"/>
        <line num="69" count="3" type="stmt"/>
        <line num="72" count="0" type="stmt"/>
        <line num="74" count="3" type="stmt"/>
        <line num="75" count="3" type="stmt"/>
        <line num="78" count="12" type="stmt"/>
        <line num="79" count="0" type="stmt"/>
        <line num="81" count="0" type="stmt"/>
        <line num="84" count="0" type="stmt"/>
        <line num="86" count="0" type="stmt"/>
        <line num="87" count="0" type="stmt"/>
        <line num="88" count="0" type="stmt"/>
        <line num="91" count="12" type="stmt"/>
        <line num="92" count="0" type="stmt"/>
        <line num="93" count="0" type="stmt"/>
        <line num="96" count="12" type="stmt"/>
        <line num="97" count="0" type="stmt"/>
        <line num="101" count="12" type="stmt"/>
        <line num="117" count="12" type="stmt"/>
        <line num="124" count="12" type="stmt"/>
        <line num="130" count="12" type="stmt"/>
        <line num="146" count="12" type="stmt"/>
        <line num="152" count="12" type="stmt"/>
        <line num="157" count="12" type="stmt"/>
      </file>
      <file name="menu.jsx" path="C:\Users\angel\Documents\vite-project\src\pages\receiversDatagrid\components\menu.jsx">
        <metrics statements="4" coveredstatements="3" conditionals="0" coveredconditionals="0" methods="2" coveredmethods="1"/>
        <line num="8" count="20" type="stmt"/>
        <line num="10" count="20" type="stmt"/>
        <line num="11" count="0" type="stmt"/>
        <line num="14" count="20" type="stmt"/>
      </file>
    </package>
    <package name="service">
      <metrics statements="32" coveredstatements="2" conditionals="0" coveredconditionals="0" methods="7" coveredmethods="0"/>
      <file name="receivers.jsx" path="C:\Users\angel\Documents\vite-project\src\service\receivers.jsx">
        <metrics statements="32" coveredstatements="2" conditionals="0" coveredconditionals="0" methods="7" coveredmethods="0"/>
        <line num="3" count="1" type="stmt"/>
        <line num="4" count="1" type="stmt"/>
        <line num="7" count="0" type="stmt"/>
        <line num="8" count="0" type="stmt"/>
        <line num="9" count="0" type="stmt"/>
        <line num="11" count="0" type="stmt"/>
        <line num="16" count="0" type="stmt"/>
        <line num="17" count="0" type="stmt"/>
        <line num="18" count="0" type="stmt"/>
        <line num="23" count="0" type="stmt"/>
        <line num="25" count="0" type="stmt"/>
        <line num="27" count="0" type="stmt"/>
        <line num="32" count="0" type="stmt"/>
        <line num="37" count="0" type="stmt"/>
        <line num="38" count="0" type="stmt"/>
        <line num="39" count="0" type="stmt"/>
        <line num="41" count="0" type="stmt"/>
        <line num="46" count="0" type="stmt"/>
        <line num="51" count="0" type="stmt"/>
        <line num="52" count="0" type="stmt"/>
        <line num="53" count="0" type="stmt"/>
        <line num="55" count="0" type="stmt"/>
        <line num="60" count="0" type="stmt"/>
        <line num="65" count="0" type="stmt"/>
        <line num="66" count="0" type="stmt"/>
        <line num="67" count="0" type="stmt"/>
        <line num="69" count="0" type="stmt"/>
        <line num="74" count="0" type="stmt"/>
        <line num="79" count="0" type="stmt"/>
        <line num="80" count="0" type="stmt"/>
        <line num="81" count="0" type="stmt"/>
        <line num="83" count="0" type="stmt"/>
      </file>
    </package>
    <package name="shared-styles">
      <metrics statements="3" coveredstatements="3" conditionals="2" coveredconditionals="2" methods="1" coveredmethods="1"/>
      <file name="statusButton.jsx" path="C:\Users\angel\Documents\vite-project\src\shared-styles\statusButton.jsx">
        <metrics statements="2" coveredstatements="2" conditionals="2" coveredconditionals="2" methods="1" coveredmethods="1"/>
        <line num="4" count="1" type="stmt"/>
        <line num="8" count="117" type="cond" truecount="2" falsecount="0"/>
      </file>
      <file name="theme.jsx" path="C:\Users\angel\Documents\vite-project\src\shared-styles\theme.jsx">
        <metrics statements="1" coveredstatements="1" conditionals="0" coveredconditionals="0" methods="0" coveredmethods="0"/>
        <line num="1" count="2" type="stmt"/>
      </file>
    </package>
    <package name="utils">
      <metrics statements="2" coveredstatements="2" conditionals="0" coveredconditionals="0" methods="0" coveredmethods="0"/>
      <file name="alertMapping.jsx" path="C:\Users\angel\Documents\vite-project\src\utils\alertMapping.jsx">
        <metrics statements="1" coveredstatements="1" conditionals="0" coveredconditionals="0" methods="0" coveredmethods="0"/>
        <line num="3" count="1" type="stmt"/>
      </file>
      <file name="iconMapping.jsx" path="C:\Users\angel\Documents\vite-project\src\utils\iconMapping.jsx">
        <metrics statements="1" coveredstatements="1" conditionals="0" coveredconditionals="0" methods="0" coveredmethods="0"/>
        <line num="4" count="1" type="stmt"/>
      </file>
    </package>
  </project>
</coverage>
