{"C:\\Users\\angel\\Documents\\vite-project\\src\\__mock__\\fileMock.jsx": {"path":"C:\\Users\\angel\\Documents\\vite-project\\src\\__mock__\\fileMock.jsx","statementMap":{"0":{"start":{"line":1,"column":0},"end":{"line":1,"column":34}}},"fnMap":{},"branchMap":{},"s":{"0":1},"f":{},"b":{},"_coverageSchema":"1a1c01bbd47fc00a2c39e90264f33305004495a9","hash":"09e8cca04e5dbfc33cc2837f7492483a697ad86a"}
,"C:\\Users\\angel\\Documents\\vite-project\\src\\components\\buttons\\deleteButton\\deleteSelectedButton\\deleteButton.jsx": {"path":"C:\\Users\\angel\\Documents\\vite-project\\src\\components\\buttons\\deleteButton\\deleteSelectedButton\\deleteButton.jsx","statementMap":{"0":{"start":{"line":5,"column":30},"end":{"line":7,"column":2}},"1":{"start":{"line":6,"column":2},"end":{"line":6,"column":34}},"2":{"start":{"line":9,"column":2},"end":{"line":13,"column":4}}},"fnMap":{"0":{"name":"DeleteSelectedButton","decl":{"start":{"line":4,"column":24},"end":{"line":4,"column":44}},"loc":{"start":{"line":4,"column":82},"end":{"line":14,"column":1}},"line":4},"1":{"name":"(anonymous_1)","decl":{"start":{"line":5,"column":30},"end":{"line":5,"column":31}},"loc":{"start":{"line":5,"column":36},"end":{"line":7,"column":2}},"line":5}},"branchMap":{},"s":{"0":20,"1":0,"2":20},"f":{"0":20,"1":0},"b":{},"_coverageSchema":"1a1c01bbd47fc00a2c39e90264f33305004495a9","hash":"69648bbb628718e56b2981041068983d8c9eceeb"}
,"C:\\Users\\angel\\Documents\\vite-project\\src\\components\\buttons\\deleteButton\\deleteSelectedButton\\styled.jsx": {"path":"C:\\Users\\angel\\Documents\\vite-project\\src\\components\\buttons\\deleteButton\\deleteSelectedButton\\styled.jsx","statementMap":{"0":{"start":{"line":4,"column":26},"end":{"line":17,"column":1}},"1":{"start":{"line":15,"column":24},"end":{"line":15,"column":59}},"2":{"start":{"line":16,"column":32},"end":{"line":16,"column":75}}},"fnMap":{"0":{"name":"(anonymous_0)","decl":{"start":{"line":15,"column":15},"end":{"line":15,"column":16}},"loc":{"start":{"line":15,"column":24},"end":{"line":15,"column":59}},"line":15},"1":{"name":"(anonymous_1)","decl":{"start":{"line":16,"column":22},"end":{"line":16,"column":23}},"loc":{"start":{"line":16,"column":32},"end":{"line":16,"column":75}},"line":16}},"branchMap":{"0":{"loc":{"start":{"line":15,"column":24},"end":{"line":15,"column":59}},"type":"cond-expr","locations":[{"start":{"line":15,"column":52},"end":{"line":15,"column":53}},{"start":{"line":15,"column":56},"end":{"line":15,"column":59}}],"line":15},"1":{"loc":{"start":{"line":16,"column":32},"end":{"line":16,"column":75}},"type":"cond-expr","locations":[{"start":{"line":16,"column":60},"end":{"line":16,"column":66}},{"start":{"line":16,"column":69},"end":{"line":16,"column":75}}],"line":16}},"s":{"0":1,"1":20,"2":20},"f":{"0":20,"1":20},"b":{"0":[0,20],"1":[0,20]},"_coverageSchema":"1a1c01bbd47fc00a2c39e90264f33305004495a9","hash":"1dda6ba60db6b0adf5d7e0f210b39348763d6f56"}
,"C:\\Users\\angel\\Documents\\vite-project\\src\\components\\buttons\\dialogButtons\\dialogButtons.jsx": {"path":"C:\\Users\\angel\\Documents\\vite-project\\src\\components\\buttons\\dialogButtons\\dialogButtons.jsx","statementMap":{"0":{"start":{"line":7,"column":2},"end":{"line":24,"column":4}},"1":{"start":{"line":10,"column":8},"end":{"line":21,"column":17}},"2":{"start":{"line":28,"column":1},"end":{"line":41,"column":2}},"3":{"start":{"line":30,"column":3},"end":{"line":30,"column":24}},"4":{"start":{"line":32,"column":3},"end":{"line":32,"column":26}},"5":{"start":{"line":34,"column":3},"end":{"line":34,"column":26}},"6":{"start":{"line":36,"column":3},"end":{"line":36,"column":24}},"7":{"start":{"line":38,"column":3},"end":{"line":38,"column":29}},"8":{"start":{"line":40,"column":3},"end":{"line":40,"column":27}}},"fnMap":{"0":{"name":"DialogButtons","decl":{"start":{"line":6,"column":24},"end":{"line":6,"column":37}},"loc":{"start":{"line":6,"column":51},"end":{"line":25,"column":1}},"line":6},"1":{"name":"(anonymous_1)","decl":{"start":{"line":9,"column":19},"end":{"line":9,"column":20}},"loc":{"start":{"line":10,"column":8},"end":{"line":21,"column":17}},"line":10},"2":{"name":"getButtonStyle","decl":{"start":{"line":27,"column":9},"end":{"line":27,"column":23}},"loc":{"start":{"line":27,"column":31},"end":{"line":42,"column":1}},"line":27}},"branchMap":{"0":{"loc":{"start":{"line":16,"column":11},"end":{"line":20,"column":11}},"type":"cond-expr","locations":[{"start":{"line":17,"column":13},"end":{"line":17,"column":63}},{"start":{"line":19,"column":12},"end":{"line":19,"column":24}}],"line":16},"1":{"loc":{"start":{"line":28,"column":1},"end":{"line":41,"column":2}},"type":"switch","locations":[{"start":{"line":29,"column":2},"end":{"line":30,"column":24}},{"start":{"line":31,"column":2},"end":{"line":32,"column":26}},{"start":{"line":33,"column":2},"end":{"line":34,"column":26}},{"start":{"line":35,"column":2},"end":{"line":36,"column":24}},{"start":{"line":37,"column":2},"end":{"line":38,"column":29}},{"start":{"line":39,"column":2},"end":{"line":40,"column":27}}],"line":28}},"s":{"0":40,"1":115,"2":230,"3":70,"4":70,"5":10,"6":70,"7":10,"8":0},"f":{"0":40,"1":115,"2":230},"b":{"0":[35,80],"1":[70,70,10,70,10,0]},"_coverageSchema":"1a1c01bbd47fc00a2c39e90264f33305004495a9","hash":"ef458526271ed9583aefedc8468c1374426b5b6c"}
,"C:\\Users\\angel\\Documents\\vite-project\\src\\components\\buttons\\dialogButtons\\styled.jsx": {"path":"C:\\Users\\angel\\Documents\\vite-project\\src\\components\\buttons\\dialogButtons\\styled.jsx","statementMap":{"0":{"start":{"line":4,"column":18},"end":{"line":84,"column":1}}},"fnMap":{},"branchMap":{},"s":{"0":1},"f":{},"b":{},"_coverageSchema":"1a1c01bbd47fc00a2c39e90264f33305004495a9","hash":"d0138b6aa000c3afc9463603862b633b2fb98fef"}
,"C:\\Users\\angel\\Documents\\vite-project\\src\\components\\buttons\\plusButton\\plusButton.jsx": {"path":"C:\\Users\\angel\\Documents\\vite-project\\src\\components\\buttons\\plusButton\\plusButton.jsx","statementMap":{"0":{"start":{"line":7,"column":4},"end":{"line":9,"column":6}}},"fnMap":{"0":{"name":"PlusButton","decl":{"start":{"line":6,"column":24},"end":{"line":6,"column":34}},"loc":{"start":{"line":6,"column":56},"end":{"line":10,"column":1}},"line":6}},"branchMap":{},"s":{"0":20},"f":{"0":20},"b":{},"_coverageSchema":"1a1c01bbd47fc00a2c39e90264f33305004495a9","hash":"50fc082132d70e30d2087c79b61e115ad979bc9d"}
,"C:\\Users\\angel\\Documents\\vite-project\\src\\components\\datagrid\\datagrid.jsx": {"path":"C:\\Users\\angel\\Documents\\vite-project\\src\\components\\datagrid\\datagrid.jsx","statementMap":{"0":{"start":{"line":21,"column":39},"end":{"line":21,"column":54}},"1":{"start":{"line":22,"column":49},"end":{"line":22,"column":63}},"2":{"start":{"line":24,"column":25},"end":{"line":24,"column":26}},"3":{"start":{"line":25,"column":42},"end":{"line":25,"column":53}},"4":{"start":{"line":27,"column":30},"end":{"line":32,"column":17}},"5":{"start":{"line":29,"column":10},"end":{"line":29,"column":76}},"6":{"start":{"line":34,"column":23},"end":{"line":34,"column":55}},"7":{"start":{"line":35,"column":21},"end":{"line":35,"column":46}},"8":{"start":{"line":36,"column":25},"end":{"line":36,"column":71}},"9":{"start":{"line":38,"column":23},"end":{"line":38,"column":74}},"10":{"start":{"line":40,"column":29},"end":{"line":42,"column":5}},"11":{"start":{"line":41,"column":6},"end":{"line":41,"column":27}},"12":{"start":{"line":44,"column":24},"end":{"line":49,"column":5}},"13":{"start":{"line":45,"column":6},"end":{"line":47,"column":7}},"14":{"start":{"line":46,"column":8},"end":{"line":46,"column":38}},"15":{"start":{"line":48,"column":6},"end":{"line":48,"column":29}},"16":{"start":{"line":51,"column":4},"end":{"line":147,"column":6}},"17":{"start":{"line":72,"column":16},"end":{"line":104,"column":21}},"18":{"start":{"line":77,"column":36},"end":{"line":77,"column":66}},"19":{"start":{"line":83,"column":6},"end":{"line":83,"column":27}},"20":{"start":{"line":84,"column":6},"end":{"line":84,"column":36}},"21":{"start":{"line":111,"column":12},"end":{"line":117,"column":21}},"22":{"start":{"line":113,"column":29},"end":{"line":113,"column":56}},"23":{"start":{"line":125,"column":19},"end":{"line":125,"column":40}},"24":{"start":{"line":136,"column":19},"end":{"line":136,"column":40}}},"fnMap":{"0":{"name":"Datagrid","decl":{"start":{"line":9,"column":24},"end":{"line":9,"column":32}},"loc":{"start":{"line":19,"column":3},"end":{"line":148,"column":1}},"line":19},"1":{"name":"(anonymous_1)","decl":{"start":{"line":28,"column":23},"end":{"line":28,"column":24}},"loc":{"start":{"line":28,"column":37},"end":{"line":30,"column":9}},"line":28},"2":{"name":"(anonymous_2)","decl":{"start":{"line":40,"column":29},"end":{"line":40,"column":30}},"loc":{"start":{"line":40,"column":39},"end":{"line":42,"column":5}},"line":40},"3":{"name":"(anonymous_3)","decl":{"start":{"line":44,"column":24},"end":{"line":44,"column":25}},"loc":{"start":{"line":44,"column":38},"end":{"line":49,"column":5}},"line":44},"4":{"name":"(anonymous_4)","decl":{"start":{"line":71,"column":31},"end":{"line":71,"column":32}},"loc":{"start":{"line":72,"column":16},"end":{"line":104,"column":21}},"line":72},"5":{"name":"(anonymous_5)","decl":{"start":{"line":77,"column":30},"end":{"line":77,"column":31}},"loc":{"start":{"line":77,"column":36},"end":{"line":77,"column":66}},"line":77},"6":{"name":"(anonymous_6)","decl":{"start":{"line":82,"column":14},"end":{"line":82,"column":15}},"loc":{"start":{"line":82,"column":20},"end":{"line":85,"column":6}},"line":82},"7":{"name":"(anonymous_7)","decl":{"start":{"line":110,"column":46},"end":{"line":110,"column":47}},"loc":{"start":{"line":111,"column":12},"end":{"line":117,"column":21}},"line":111},"8":{"name":"(anonymous_8)","decl":{"start":{"line":113,"column":23},"end":{"line":113,"column":24}},"loc":{"start":{"line":113,"column":29},"end":{"line":113,"column":56}},"line":113},"9":{"name":"(anonymous_9)","decl":{"start":{"line":125,"column":13},"end":{"line":125,"column":14}},"loc":{"start":{"line":125,"column":19},"end":{"line":125,"column":40}},"line":125},"10":{"name":"(anonymous_10)","decl":{"start":{"line":136,"column":13},"end":{"line":136,"column":14}},"loc":{"start":{"line":136,"column":19},"end":{"line":136,"column":40}},"line":136}},"branchMap":{"0":{"loc":{"start":{"line":27,"column":30},"end":{"line":32,"column":17}},"type":"cond-expr","locations":[{"start":{"line":28,"column":2},"end":{"line":30,"column":10}},{"start":{"line":32,"column":2},"end":{"line":32,"column":15}}],"line":27},"1":{"loc":{"start":{"line":45,"column":6},"end":{"line":47,"column":7}},"type":"if","locations":[{"start":{"line":45,"column":6},"end":{"line":47,"column":7}},{"start":{},"end":{}}],"line":45},"2":{"loc":{"start":{"line":114,"column":25},"end":{"line":114,"column":66}},"type":"cond-expr","locations":[{"start":{"line":114,"column":53},"end":{"line":114,"column":61}},{"start":{"line":114,"column":64},"end":{"line":114,"column":66}}],"line":114},"3":{"loc":{"start":{"line":121,"column":9},"end":{"line":145,"column":3}},"type":"binary-expr","locations":[{"start":{"line":121,"column":9},"end":{"line":121,"column":25}},{"start":{"line":122,"column":2},"end":{"line":144,"column":4}}],"line":121},"4":{"loc":{"start":{"line":122,"column":2},"end":{"line":144,"column":4}},"type":"cond-expr","locations":[{"start":{"line":123,"column":3},"end":{"line":132,"column":5}},{"start":{"line":134,"column":3},"end":{"line":143,"column":5}}],"line":122}},"s":{"0":38,"1":38,"2":38,"3":38,"4":38,"5":0,"6":38,"7":38,"8":38,"9":38,"10":38,"11":0,"12":38,"13":82,"14":0,"15":82,"16":38,"17":82,"18":0,"19":13,"20":13,"21":39,"22":0,"23":3,"24":10},"f":{"0":38,"1":0,"2":0,"3":82,"4":82,"5":0,"6":13,"7":39,"8":0,"9":3,"10":10},"b":{"0":[0,38],"1":[0,82],"2":[38,1],"3":[38,18],"4":[5,13]},"_coverageSchema":"1a1c01bbd47fc00a2c39e90264f33305004495a9","hash":"c77c0746ebdc21991cd0cb60458f2c2361a9894b"}
,"C:\\Users\\angel\\Documents\\vite-project\\src\\components\\datagrid\\styled.jsx": {"path":"C:\\Users\\angel\\Documents\\vite-project\\src\\components\\datagrid\\styled.jsx","statementMap":{"0":{"start":{"line":4,"column":18},"end":{"line":66,"column":1}}},"fnMap":{},"branchMap":{},"s":{"0":1},"f":{},"b":{},"_coverageSchema":"1a1c01bbd47fc00a2c39e90264f33305004495a9","hash":"fd07ec3d9c22fb0c40a1dd0978a34acdf0e6e50f"}
,"C:\\Users\\angel\\Documents\\vite-project\\src\\components\\dialogs\\genericDialog.jsx": {"path":"C:\\Users\\angel\\Documents\\vite-project\\src\\components\\dialogs\\genericDialog.jsx","statementMap":{"0":{"start":{"line":6,"column":4},"end":{"line":22,"column":6}}},"fnMap":{"0":{"name":"GenericDialog","decl":{"start":{"line":5,"column":24},"end":{"line":5,"column":37}},"loc":{"start":{"line":5,"column":77},"end":{"line":23,"column":1}},"line":5}},"branchMap":{},"s":{"0":40},"f":{"0":40},"b":{},"_coverageSchema":"1a1c01bbd47fc00a2c39e90264f33305004495a9","hash":"96859cd063840e281485e2db344676b26d877417"}
,"C:\\Users\\angel\\Documents\\vite-project\\src\\components\\filter\\filter.jsx": {"path":"C:\\Users\\angel\\Documents\\vite-project\\src\\components\\filter\\filter.jsx","statementMap":{"0":{"start":{"line":7,"column":28},"end":{"line":9,"column":3}},"1":{"start":{"line":8,"column":4},"end":{"line":8,"column":34}},"2":{"start":{"line":11,"column":2},"end":{"line":22,"column":4}}},"fnMap":{"0":{"name":"Filter","decl":{"start":{"line":6,"column":24},"end":{"line":6,"column":30}},"loc":{"start":{"line":6,"column":54},"end":{"line":23,"column":1}},"line":6},"1":{"name":"(anonymous_1)","decl":{"start":{"line":7,"column":28},"end":{"line":7,"column":29}},"loc":{"start":{"line":7,"column":39},"end":{"line":9,"column":3}},"line":7}},"branchMap":{},"s":{"0":20,"1":0,"2":20},"f":{"0":20,"1":0},"b":{},"_coverageSchema":"1a1c01bbd47fc00a2c39e90264f33305004495a9","hash":"b0fc4f0716f87ca5d24e184b0dee3cba640ce89b"}
,"C:\\Users\\angel\\Documents\\vite-project\\src\\components\\filter\\styled.jsx": {"path":"C:\\Users\\angel\\Documents\\vite-project\\src\\components\\filter\\styled.jsx","statementMap":{"0":{"start":{"line":4,"column":18},"end":{"line":35,"column":1}}},"fnMap":{},"branchMap":{},"s":{"0":1},"f":{},"b":{},"_coverageSchema":"1a1c01bbd47fc00a2c39e90264f33305004495a9","hash":"838d9ddc681511bbf6fab8562e19aa2f5d8ee728"}
,"C:\\Users\\angel\\Documents\\vite-project\\src\\components\\form\\form.jsx": {"path":"C:\\Users\\angel\\Documents\\vite-project\\src\\components\\form\\form.jsx","statementMap":{"0":{"start":{"line":16,"column":6},"end":{"line":16,"column":15}},"1":{"start":{"line":18,"column":31},"end":{"line":20,"column":2}},"2":{"start":{"line":19,"column":2},"end":{"line":19,"column":29}},"3":{"start":{"line":22,"column":2},"end":{"line":86,"column":4}},"4":{"start":{"line":35,"column":23},"end":{"line":35,"column":68}},"5":{"start":{"line":45,"column":23},"end":{"line":45,"column":71}},"6":{"start":{"line":55,"column":22},"end":{"line":55,"column":68}},"7":{"start":{"line":65,"column":21},"end":{"line":65,"column":71}},"8":{"start":{"line":81,"column":21},"end":{"line":81,"column":67}}},"fnMap":{"0":{"name":"Form","decl":{"start":{"line":4,"column":24},"end":{"line":4,"column":28}},"loc":{"start":{"line":9,"column":3},"end":{"line":87,"column":1}},"line":9},"1":{"name":"(anonymous_1)","decl":{"start":{"line":18,"column":31},"end":{"line":18,"column":32}},"loc":{"start":{"line":18,"column":49},"end":{"line":20,"column":2}},"line":18},"2":{"name":"(anonymous_2)","decl":{"start":{"line":35,"column":16},"end":{"line":35,"column":17}},"loc":{"start":{"line":35,"column":23},"end":{"line":35,"column":68}},"line":35},"3":{"name":"(anonymous_3)","decl":{"start":{"line":45,"column":16},"end":{"line":45,"column":17}},"loc":{"start":{"line":45,"column":23},"end":{"line":45,"column":71}},"line":45},"4":{"name":"(anonymous_4)","decl":{"start":{"line":55,"column":15},"end":{"line":55,"column":16}},"loc":{"start":{"line":55,"column":22},"end":{"line":55,"column":68}},"line":55},"5":{"name":"(anonymous_5)","decl":{"start":{"line":65,"column":14},"end":{"line":65,"column":15}},"loc":{"start":{"line":65,"column":21},"end":{"line":65,"column":71}},"line":65},"6":{"name":"(anonymous_6)","decl":{"start":{"line":81,"column":14},"end":{"line":81,"column":15}},"loc":{"start":{"line":81,"column":21},"end":{"line":81,"column":67}},"line":81}},"branchMap":{},"s":{"0":12,"1":12,"2":2,"3":12,"4":2,"5":0,"6":0,"7":0,"8":0},"f":{"0":12,"1":2,"2":2,"3":0,"4":0,"5":0,"6":0},"b":{},"_coverageSchema":"1a1c01bbd47fc00a2c39e90264f33305004495a9","hash":"ca5ba2ba0faee418980aff4d505a7f48a8a98d57"}
,"C:\\Users\\angel\\Documents\\vite-project\\src\\components\\form\\styled.jsx": {"path":"C:\\Users\\angel\\Documents\\vite-project\\src\\components\\form\\styled.jsx","statementMap":{"0":{"start":{"line":4,"column":18},"end":{"line":56,"column":1}}},"fnMap":{},"branchMap":{},"s":{"0":1},"f":{},"b":{},"_coverageSchema":"1a1c01bbd47fc00a2c39e90264f33305004495a9","hash":"a1f15fd6538aeda47ea3d2d4cc9eb160b7e92b7a"}
,"C:\\Users\\angel\\Documents\\vite-project\\src\\components\\navbar\\navbar.jsx": {"path":"C:\\Users\\angel\\Documents\\vite-project\\src\\components\\navbar\\navbar.jsx","statementMap":{"0":{"start":{"line":8,"column":18},"end":{"line":8,"column":31}},"1":{"start":{"line":10,"column":27},"end":{"line":12,"column":4}},"2":{"start":{"line":11,"column":2},"end":{"line":11,"column":18}},"3":{"start":{"line":14,"column":4},"end":{"line":27,"column":6}}},"fnMap":{"0":{"name":"Menu","decl":{"start":{"line":6,"column":24},"end":{"line":6,"column":28}},"loc":{"start":{"line":6,"column":46},"end":{"line":28,"column":1}},"line":6},"1":{"name":"(anonymous_1)","decl":{"start":{"line":10,"column":27},"end":{"line":10,"column":28}},"loc":{"start":{"line":10,"column":33},"end":{"line":12,"column":4}},"line":10}},"branchMap":{"0":{"loc":{"start":{"line":17,"column":4},"end":{"line":24,"column":4}},"type":"cond-expr","locations":[{"start":{"line":18,"column":4},"end":{"line":18,"column":107}},{"start":{"line":20,"column":4},"end":{"line":23,"column":14}}],"line":17}},"s":{"0":3,"1":3,"2":1,"3":3},"f":{"0":3,"1":1},"b":{"0":[2,1]},"_coverageSchema":"1a1c01bbd47fc00a2c39e90264f33305004495a9","hash":"6a0de5fdb42b58db67abe5b881935c3397b8aee1"}
,"C:\\Users\\angel\\Documents\\vite-project\\src\\components\\navbar\\styled.jsx": {"path":"C:\\Users\\angel\\Documents\\vite-project\\src\\components\\navbar\\styled.jsx","statementMap":{"0":{"start":{"line":4,"column":18},"end":{"line":36,"column":1}}},"fnMap":{},"branchMap":{},"s":{"0":1},"f":{},"b":{},"_coverageSchema":"1a1c01bbd47fc00a2c39e90264f33305004495a9","hash":"146fa62d1051ea517668761662f471cf756c8c04"}
,"C:\\Users\\angel\\Documents\\vite-project\\src\\components\\snackbar\\snackbar.jsx": {"path":"C:\\Users\\angel\\Documents\\vite-project\\src\\components\\snackbar\\snackbar.jsx","statementMap":{"0":{"start":{"line":9,"column":25},"end":{"line":9,"column":39}},"1":{"start":{"line":10,"column":18},"end":{"line":10,"column":23}},"2":{"start":{"line":11,"column":20},"end":{"line":11,"column":27}},"3":{"start":{"line":13,"column":21},"end":{"line":18,"column":2}},"4":{"start":{"line":14,"column":2},"end":{"line":16,"column":3}},"5":{"start":{"line":15,"column":2},"end":{"line":15,"column":9}},"6":{"start":{"line":17,"column":2},"end":{"line":17,"column":17}},"7":{"start":{"line":21,"column":4},"end":{"line":30,"column":7}},"8":{"start":{"line":33,"column":47},"end":{"line":33,"column":71}},"9":{"start":{"line":35,"column":1},"end":{"line":52,"column":3}}},"fnMap":{"0":{"name":"SimpleSnackbar","decl":{"start":{"line":8,"column":24},"end":{"line":8,"column":38}},"loc":{"start":{"line":8,"column":51},"end":{"line":53,"column":1}},"line":8},"1":{"name":"(anonymous_1)","decl":{"start":{"line":13,"column":21},"end":{"line":13,"column":22}},"loc":{"start":{"line":13,"column":40},"end":{"line":18,"column":2}},"line":13}},"branchMap":{"0":{"loc":{"start":{"line":14,"column":2},"end":{"line":16,"column":3}},"type":"if","locations":[{"start":{"line":14,"column":2},"end":{"line":16,"column":3}},{"start":{},"end":{}}],"line":14}},"s":{"0":5,"1":5,"2":5,"3":5,"4":0,"5":0,"6":0,"7":5,"8":5,"9":5},"f":{"0":5,"1":0},"b":{"0":[0,0]},"_coverageSchema":"1a1c01bbd47fc00a2c39e90264f33305004495a9","hash":"409dbcd7990b68abe66d139fe56f775ee465b1d9"}
,"C:\\Users\\angel\\Documents\\vite-project\\src\\pages\\receiversDatagrid\\receiversDatagrid.jsx": {"path":"C:\\Users\\angel\\Documents\\vite-project\\src\\pages\\receiversDatagrid\\receiversDatagrid.jsx","statementMap":{"0":{"start":{"line":13,"column":48},"end":{"line":13,"column":60}},"1":{"start":{"line":14,"column":38},"end":{"line":14,"column":52}},"2":{"start":{"line":15,"column":32},"end":{"line":15,"column":44}},"3":{"start":{"line":16,"column":46},"end":{"line":16,"column":58}},"4":{"start":{"line":18,"column":38},"end":{"line":18,"column":53}},"5":{"start":{"line":19,"column":50},"end":{"line":19,"column":65}},"6":{"start":{"line":20,"column":54},"end":{"line":20,"column":69}},"7":{"start":{"line":21,"column":34},"end":{"line":21,"column":49}},"8":{"start":{"line":22,"column":30},"end":{"line":22,"column":45}},"9":{"start":{"line":23,"column":42},"end":{"line":23,"column":57}},"10":{"start":{"line":24,"column":46},"end":{"line":24,"column":61}},"11":{"start":{"line":27,"column":4},"end":{"line":46,"column":7}},"12":{"start":{"line":28,"column":24},"end":{"line":36,"column":16}},"13":{"start":{"line":29,"column":12},"end":{"line":29,"column":32}},"14":{"start":{"line":30,"column":12},"end":{"line":30,"column":38}},"15":{"start":{"line":31,"column":12},"end":{"line":31,"column":40}},"16":{"start":{"line":32,"column":12},"end":{"line":32,"column":30}},"17":{"start":{"line":33,"column":12},"end":{"line":33,"column":28}},"18":{"start":{"line":34,"column":12},"end":{"line":34,"column":34}},"19":{"start":{"line":35,"column":12},"end":{"line":35,"column":36}},"20":{"start":{"line":37,"column":8},"end":{"line":37,"column":43}},"21":{"start":{"line":37,"column":21},"end":{"line":37,"column":42}},"22":{"start":{"line":48,"column":34},"end":{"line":54,"column":5}},"23":{"start":{"line":49,"column":8},"end":{"line":53,"column":9}},"24":{"start":{"line":50,"column":8},"end":{"line":50,"column":87}},"25":{"start":{"line":50,"column":43},"end":{"line":50,"column":85}},"26":{"start":{"line":50,"column":71},"end":{"line":50,"column":84}},"27":{"start":{"line":52,"column":8},"end":{"line":52,"column":70}},"28":{"start":{"line":52,"column":43},"end":{"line":52,"column":68}},"29":{"start":{"line":56,"column":33},"end":{"line":69,"column":5}},"30":{"start":{"line":57,"column":8},"end":{"line":57,"column":26}},"31":{"start":{"line":58,"column":8},"end":{"line":67,"column":11}},"32":{"start":{"line":60,"column":12},"end":{"line":60,"column":38}},"33":{"start":{"line":61,"column":12},"end":{"line":61,"column":31}},"34":{"start":{"line":62,"column":12},"end":{"line":62,"column":32}},"35":{"start":{"line":65,"column":12},"end":{"line":65,"column":36}},"36":{"start":{"line":66,"column":12},"end":{"line":66,"column":31}},"37":{"start":{"line":68,"column":8},"end":{"line":68,"column":23}},"38":{"start":{"line":71,"column":4},"end":{"line":73,"column":11}},"39":{"start":{"line":72,"column":8},"end":{"line":72,"column":22}},"40":{"start":{"line":76,"column":8},"end":{"line":76,"column":26}},"41":{"start":{"line":77,"column":8},"end":{"line":85,"column":11}},"42":{"start":{"line":79,"column":12},"end":{"line":79,"column":34}},"43":{"start":{"line":80,"column":12},"end":{"line":80,"column":31}},"44":{"start":{"line":83,"column":12},"end":{"line":83,"column":31}},"45":{"start":{"line":84,"column":12},"end":{"line":84,"column":30}},"46":{"start":{"line":88,"column":4},"end":{"line":141,"column":6}}},"fnMap":{"0":{"name":"ReceiversDatagrid","decl":{"start":{"line":12,"column":24},"end":{"line":12,"column":41}},"loc":{"start":{"line":12,"column":44},"end":{"line":142,"column":1}},"line":12},"1":{"name":"(anonymous_1)","decl":{"start":{"line":27,"column":14},"end":{"line":27,"column":15}},"loc":{"start":{"line":27,"column":20},"end":{"line":38,"column":5}},"line":27},"2":{"name":"(anonymous_2)","decl":{"start":{"line":28,"column":35},"end":{"line":28,"column":36}},"loc":{"start":{"line":28,"column":41},"end":{"line":36,"column":9}},"line":28},"3":{"name":"(anonymous_3)","decl":{"start":{"line":37,"column":15},"end":{"line":37,"column":16}},"loc":{"start":{"line":37,"column":21},"end":{"line":37,"column":42}},"line":37},"4":{"name":"(anonymous_4)","decl":{"start":{"line":48,"column":34},"end":{"line":48,"column":35}},"loc":{"start":{"line":48,"column":46},"end":{"line":54,"column":5}},"line":48},"5":{"name":"(anonymous_5)","decl":{"start":{"line":50,"column":25},"end":{"line":50,"column":26}},"loc":{"start":{"line":50,"column":43},"end":{"line":50,"column":85}},"line":50},"6":{"name":"(anonymous_6)","decl":{"start":{"line":50,"column":63},"end":{"line":50,"column":64}},"loc":{"start":{"line":50,"column":71},"end":{"line":50,"column":84}},"line":50},"7":{"name":"(anonymous_7)","decl":{"start":{"line":52,"column":25},"end":{"line":52,"column":26}},"loc":{"start":{"line":52,"column":43},"end":{"line":52,"column":68}},"line":52},"8":{"name":"(anonymous_8)","decl":{"start":{"line":56,"column":33},"end":{"line":56,"column":34}},"loc":{"start":{"line":56,"column":52},"end":{"line":69,"column":5}},"line":56},"9":{"name":"(anonymous_9)","decl":{"start":{"line":59,"column":14},"end":{"line":59,"column":15}},"loc":{"start":{"line":59,"column":23},"end":{"line":63,"column":9}},"line":59},"10":{"name":"(anonymous_10)","decl":{"start":{"line":64,"column":15},"end":{"line":64,"column":16}},"loc":{"start":{"line":64,"column":26},"end":{"line":67,"column":9}},"line":64},"11":{"name":"(anonymous_11)","decl":{"start":{"line":71,"column":14},"end":{"line":71,"column":15}},"loc":{"start":{"line":71,"column":20},"end":{"line":73,"column":5}},"line":71},"12":{"name":"receiverList","decl":{"start":{"line":75,"column":13},"end":{"line":75,"column":25}},"loc":{"start":{"line":75,"column":28},"end":{"line":86,"column":5}},"line":75},"13":{"name":"(anonymous_13)","decl":{"start":{"line":78,"column":14},"end":{"line":78,"column":15}},"loc":{"start":{"line":78,"column":23},"end":{"line":81,"column":9}},"line":78},"14":{"name":"(anonymous_14)","decl":{"start":{"line":82,"column":15},"end":{"line":82,"column":16}},"loc":{"start":{"line":82,"column":26},"end":{"line":85,"column":9}},"line":82}},"branchMap":{"0":{"loc":{"start":{"line":49,"column":8},"end":{"line":53,"column":9}},"type":"if","locations":[{"start":{"line":49,"column":8},"end":{"line":53,"column":9}},{"start":{"line":51,"column":15},"end":{"line":53,"column":9}}],"line":49},"1":{"loc":{"start":{"line":90,"column":9},"end":{"line":138,"column":14}},"type":"cond-expr","locations":[{"start":{"line":90,"column":21},"end":{"line":90,"column":33}},{"start":{"line":91,"column":8},"end":{"line":138,"column":14}}],"line":90},"2":{"loc":{"start":{"line":100,"column":18},"end":{"line":118,"column":17}},"type":"cond-expr","locations":[{"start":{"line":100,"column":31},"end":{"line":100,"column":88}},{"start":{"line":102,"column":20},"end":{"line":117,"column":23}}],"line":100},"3":{"loc":{"start":{"line":119,"column":17},"end":{"line":121,"column":17}},"type":"binary-expr","locations":[{"start":{"line":119,"column":17},"end":{"line":119,"column":32}},{"start":{"line":120,"column":20},"end":{"line":120,"column":87}}],"line":119},"4":{"loc":{"start":{"line":122,"column":17},"end":{"line":124,"column":17}},"type":"binary-expr","locations":[{"start":{"line":122,"column":17},"end":{"line":122,"column":34}},{"start":{"line":123,"column":20},"end":{"line":123,"column":89}}],"line":122},"5":{"loc":{"start":{"line":125,"column":17},"end":{"line":127,"column":17}},"type":"binary-expr","locations":[{"start":{"line":125,"column":17},"end":{"line":125,"column":28}},{"start":{"line":126,"column":20},"end":{"line":126,"column":83}}],"line":125},"6":{"loc":{"start":{"line":128,"column":17},"end":{"line":130,"column":11}},"type":"binary-expr","locations":[{"start":{"line":128,"column":17},"end":{"line":128,"column":30}},{"start":{"line":129,"column":20},"end":{"line":129,"column":85}}],"line":128},"7":{"loc":{"start":{"line":131,"column":17},"end":{"line":133,"column":17}},"type":"binary-expr","locations":[{"start":{"line":131,"column":17},"end":{"line":131,"column":22}},{"start":{"line":132,"column":20},"end":{"line":132,"column":77}}],"line":131},"8":{"loc":{"start":{"line":134,"column":17},"end":{"line":136,"column":11}},"type":"binary-expr","locations":[{"start":{"line":134,"column":17},"end":{"line":134,"column":24}},{"start":{"line":135,"column":20},"end":{"line":135,"column":79}}],"line":134}},"s":{"0":44,"1":43,"2":43,"3":43,"4":43,"5":43,"6":43,"7":43,"8":43,"9":43,"10":43,"11":43,"12":20,"13":0,"14":0,"15":0,"16":0,"17":0,"18":0,"19":0,"20":20,"21":20,"22":43,"23":0,"24":0,"25":0,"26":0,"27":0,"28":0,"29":43,"30":0,"31":0,"32":0,"33":0,"34":0,"35":0,"36":0,"37":0,"38":43,"39":15,"40":23,"41":23,"42":23,"43":23,"44":0,"45":0,"46":43},"f":{"0":44,"1":20,"2":0,"3":20,"4":0,"5":0,"6":0,"7":0,"8":0,"9":0,"10":0,"11":15,"12":23,"13":23,"14":0},"b":{"0":[0,0],"1":[23,20],"2":[0,20],"3":[20,0],"4":[20,0],"5":[20,0],"6":[20,2],"7":[20,0],"8":[20,3]},"_coverageSchema":"1a1c01bbd47fc00a2c39e90264f33305004495a9","hash":"cec40917dc370a74a21ad775c3372ce19db6eab0"}
,"C:\\Users\\angel\\Documents\\vite-project\\src\\pages\\receiversDatagrid\\styled.jsx": {"path":"C:\\Users\\angel\\Documents\\vite-project\\src\\pages\\receiversDatagrid\\styled.jsx","statementMap":{"0":{"start":{"line":4,"column":18},"end":{"line":47,"column":1}},"1":{"start":{"line":50,"column":25},"end":{"line":97,"column":1}},"2":{"start":{"line":99,"column":31},"end":{"line":126,"column":1}},"3":{"start":{"line":128,"column":31},"end":{"line":139,"column":1}},"4":{"start":{"line":141,"column":32},"end":{"line":159,"column":1}}},"fnMap":{},"branchMap":{},"s":{"0":1,"1":1,"2":1,"3":1,"4":1},"f":{},"b":{},"_coverageSchema":"1a1c01bbd47fc00a2c39e90264f33305004495a9","hash":"c77f3997fde1916f968947d82314bf5e0cdfc78e"}
,"C:\\Users\\angel\\Documents\\vite-project\\src\\pages\\receiversDatagrid\\components\\dialogDetaills.jsx": {"path":"C:\\Users\\angel\\Documents\\vite-project\\src\\pages\\receiversDatagrid\\components\\dialogDetaills.jsx","statementMap":{"0":{"start":{"line":25,"column":30},"end":{"line":25,"column":42}},"1":{"start":{"line":26,"column":54},"end":{"line":26,"column":69}},"2":{"start":{"line":28,"column":4},"end":{"line":32,"column":33}},"3":{"start":{"line":29,"column":8},"end":{"line":31,"column":9}},"4":{"start":{"line":30,"column":12},"end":{"line":30,"column":37}},"5":{"start":{"line":34,"column":30},"end":{"line":36,"column":5}},"6":{"start":{"line":35,"column":8},"end":{"line":35,"column":37}},"7":{"start":{"line":38,"column":25},"end":{"line":49,"column":5}},"8":{"start":{"line":39,"column":8},"end":{"line":45,"column":15}},"9":{"start":{"line":41,"column":16},"end":{"line":41,"column":38}},"10":{"start":{"line":44,"column":16},"end":{"line":44,"column":36}},"11":{"start":{"line":46,"column":8},"end":{"line":46,"column":22}},"12":{"start":{"line":47,"column":8},"end":{"line":47,"column":28}},"13":{"start":{"line":48,"column":8},"end":{"line":48,"column":18}},"14":{"start":{"line":51,"column":23},"end":{"line":61,"column":5}},"15":{"start":{"line":52,"column":8},"end":{"line":58,"column":15}},"16":{"start":{"line":54,"column":16},"end":{"line":54,"column":32}},"17":{"start":{"line":57,"column":16},"end":{"line":57,"column":30}},"18":{"start":{"line":59,"column":8},"end":{"line":59,"column":22}},"19":{"start":{"line":60,"column":8},"end":{"line":60,"column":18}},"20":{"start":{"line":63,"column":29},"end":{"line":66,"column":5}},"21":{"start":{"line":64,"column":8},"end":{"line":64,"column":34}},"22":{"start":{"line":65,"column":8},"end":{"line":65,"column":18}},"23":{"start":{"line":68,"column":30},"end":{"line":70,"column":5}},"24":{"start":{"line":69,"column":8},"end":{"line":69,"column":35}},"25":{"start":{"line":73,"column":8},"end":{"line":112,"column":11}},"26":{"start":{"line":116,"column":8},"end":{"line":129,"column":33}},"27":{"start":{"line":132,"column":27},"end":{"line":136,"column":5}},"28":{"start":{"line":139,"column":8},"end":{"line":141,"column":34}},"29":{"start":{"line":144,"column":26},"end":{"line":147,"column":5}},"30":{"start":{"line":150,"column":8},"end":{"line":152,"column":33}},"31":{"start":{"line":155,"column":4},"end":{"line":163,"column":6}}},"fnMap":{"0":{"name":"DialogDetails","decl":{"start":{"line":15,"column":24},"end":{"line":15,"column":37}},"loc":{"start":{"line":24,"column":3},"end":{"line":164,"column":1}},"line":24},"1":{"name":"(anonymous_1)","decl":{"start":{"line":28,"column":14},"end":{"line":28,"column":15}},"loc":{"start":{"line":28,"column":20},"end":{"line":32,"column":5}},"line":28},"2":{"name":"(anonymous_2)","decl":{"start":{"line":34,"column":30},"end":{"line":34,"column":31}},"loc":{"start":{"line":34,"column":41},"end":{"line":36,"column":5}},"line":34},"3":{"name":"(anonymous_3)","decl":{"start":{"line":38,"column":25},"end":{"line":38,"column":26}},"loc":{"start":{"line":38,"column":31},"end":{"line":49,"column":5}},"line":38},"4":{"name":"(anonymous_4)","decl":{"start":{"line":40,"column":18},"end":{"line":40,"column":19}},"loc":{"start":{"line":40,"column":27},"end":{"line":42,"column":13}},"line":40},"5":{"name":"(anonymous_5)","decl":{"start":{"line":43,"column":19},"end":{"line":43,"column":20}},"loc":{"start":{"line":43,"column":30},"end":{"line":45,"column":13}},"line":43},"6":{"name":"(anonymous_6)","decl":{"start":{"line":51,"column":23},"end":{"line":51,"column":24}},"loc":{"start":{"line":51,"column":29},"end":{"line":61,"column":5}},"line":51},"7":{"name":"(anonymous_7)","decl":{"start":{"line":53,"column":18},"end":{"line":53,"column":19}},"loc":{"start":{"line":53,"column":27},"end":{"line":55,"column":13}},"line":53},"8":{"name":"(anonymous_8)","decl":{"start":{"line":56,"column":19},"end":{"line":56,"column":20}},"loc":{"start":{"line":56,"column":30},"end":{"line":58,"column":13}},"line":56},"9":{"name":"(anonymous_9)","decl":{"start":{"line":63,"column":29},"end":{"line":63,"column":30}},"loc":{"start":{"line":63,"column":35},"end":{"line":66,"column":5}},"line":63},"10":{"name":"(anonymous_10)","decl":{"start":{"line":68,"column":30},"end":{"line":68,"column":31}},"loc":{"start":{"line":68,"column":36},"end":{"line":70,"column":5}},"line":68}},"branchMap":{"0":{"loc":{"start":{"line":29,"column":8},"end":{"line":31,"column":9}},"type":"if","locations":[{"start":{"line":29,"column":8},"end":{"line":31,"column":9}},{"start":{},"end":{}}],"line":29},"1":{"loc":{"start":{"line":159,"column":13},"end":{"line":161,"column":13}},"type":"binary-expr","locations":[{"start":{"line":159,"column":13},"end":{"line":159,"column":31}},{"start":{"line":160,"column":16},"end":{"line":160,"column":135}}],"line":159}},"s":{"0":23,"1":23,"2":23,"3":13,"4":8,"5":23,"6":1,"7":23,"8":3,"9":3,"10":0,"11":3,"12":3,"13":3,"14":23,"15":2,"16":2,"17":0,"18":2,"19":2,"20":23,"21":5,"22":5,"23":23,"24":4,"25":23,"26":23,"27":23,"28":23,"29":23,"30":23,"31":23},"f":{"0":23,"1":13,"2":1,"3":3,"4":3,"5":0,"6":2,"7":2,"8":0,"9":5,"10":4},"b":{"0":[8,5],"1":[23,5]},"_coverageSchema":"1a1c01bbd47fc00a2c39e90264f33305004495a9","hash":"cd3eebc0857f7ebe83e8e2758809cfee969c7e5b"}
,"C:\\Users\\angel\\Documents\\vite-project\\src\\pages\\receiversDatagrid\\components\\dialogUpdate.jsx": {"path":"C:\\Users\\angel\\Documents\\vite-project\\src\\pages\\receiversDatagrid\\components\\dialogUpdate.jsx","statementMap":{"0":{"start":{"line":25,"column":54},"end":{"line":25,"column":69}},"1":{"start":{"line":26,"column":23},"end":{"line":26,"column":51}},"2":{"start":{"line":27,"column":24},"end":{"line":27,"column":65}},"3":{"start":{"line":29,"column":38},"end":{"line":35,"column":6}},"4":{"start":{"line":37,"column":4},"end":{"line":47,"column":27}},"5":{"start":{"line":38,"column":8},"end":{"line":46,"column":9}},"6":{"start":{"line":39,"column":12},"end":{"line":45,"column":15}},"7":{"start":{"line":49,"column":29},"end":{"line":54,"column":5}},"8":{"start":{"line":50,"column":8},"end":{"line":53,"column":11}},"9":{"start":{"line":57,"column":59},"end":{"line":57,"column":68}},"10":{"start":{"line":58,"column":21},"end":{"line":65,"column":9}},"11":{"start":{"line":67,"column":8},"end":{"line":73,"column":15}},"12":{"start":{"line":69,"column":16},"end":{"line":69,"column":32}},"13":{"start":{"line":72,"column":16},"end":{"line":72,"column":30}},"14":{"start":{"line":74,"column":12},"end":{"line":74,"column":26}},"15":{"start":{"line":75,"column":12},"end":{"line":75,"column":22}},"16":{"start":{"line":78,"column":25},"end":{"line":89,"column":5}},"17":{"start":{"line":79,"column":8},"end":{"line":85,"column":15}},"18":{"start":{"line":81,"column":16},"end":{"line":81,"column":38}},"19":{"start":{"line":84,"column":16},"end":{"line":84,"column":36}},"20":{"start":{"line":86,"column":8},"end":{"line":86,"column":22}},"21":{"start":{"line":87,"column":8},"end":{"line":87,"column":28}},"22":{"start":{"line":88,"column":8},"end":{"line":88,"column":18}},"23":{"start":{"line":91,"column":29},"end":{"line":94,"column":5}},"24":{"start":{"line":92,"column":8},"end":{"line":92,"column":18}},"25":{"start":{"line":93,"column":8},"end":{"line":93,"column":34}},"26":{"start":{"line":96,"column":30},"end":{"line":98,"column":5}},"27":{"start":{"line":97,"column":8},"end":{"line":97,"column":35}},"28":{"start":{"line":101,"column":8},"end":{"line":114,"column":11}},"29":{"start":{"line":117,"column":24},"end":{"line":121,"column":5}},"30":{"start":{"line":124,"column":8},"end":{"line":126,"column":34}},"31":{"start":{"line":130,"column":8},"end":{"line":143,"column":33}},"32":{"start":{"line":146,"column":26},"end":{"line":149,"column":5}},"33":{"start":{"line":152,"column":8},"end":{"line":154,"column":33}},"34":{"start":{"line":157,"column":4},"end":{"line":164,"column":6}}},"fnMap":{"0":{"name":"DialogUpdate","decl":{"start":{"line":15,"column":24},"end":{"line":15,"column":36}},"loc":{"start":{"line":24,"column":3},"end":{"line":165,"column":1}},"line":24},"1":{"name":"(anonymous_1)","decl":{"start":{"line":37,"column":14},"end":{"line":37,"column":15}},"loc":{"start":{"line":37,"column":20},"end":{"line":47,"column":5}},"line":37},"2":{"name":"(anonymous_2)","decl":{"start":{"line":49,"column":29},"end":{"line":49,"column":30}},"loc":{"start":{"line":49,"column":47},"end":{"line":54,"column":5}},"line":49},"3":{"name":"handleSave","decl":{"start":{"line":56,"column":13},"end":{"line":56,"column":23}},"loc":{"start":{"line":56,"column":26},"end":{"line":76,"column":5}},"line":56},"4":{"name":"(anonymous_4)","decl":{"start":{"line":68,"column":18},"end":{"line":68,"column":19}},"loc":{"start":{"line":68,"column":27},"end":{"line":70,"column":13}},"line":68},"5":{"name":"(anonymous_5)","decl":{"start":{"line":71,"column":19},"end":{"line":71,"column":20}},"loc":{"start":{"line":71,"column":30},"end":{"line":73,"column":13}},"line":71},"6":{"name":"(anonymous_6)","decl":{"start":{"line":78,"column":25},"end":{"line":78,"column":26}},"loc":{"start":{"line":78,"column":31},"end":{"line":89,"column":5}},"line":78},"7":{"name":"(anonymous_7)","decl":{"start":{"line":80,"column":18},"end":{"line":80,"column":19}},"loc":{"start":{"line":80,"column":27},"end":{"line":82,"column":13}},"line":80},"8":{"name":"(anonymous_8)","decl":{"start":{"line":83,"column":19},"end":{"line":83,"column":20}},"loc":{"start":{"line":83,"column":30},"end":{"line":85,"column":13}},"line":83},"9":{"name":"(anonymous_9)","decl":{"start":{"line":91,"column":29},"end":{"line":91,"column":30}},"loc":{"start":{"line":91,"column":35},"end":{"line":94,"column":5}},"line":91},"10":{"name":"(anonymous_10)","decl":{"start":{"line":96,"column":30},"end":{"line":96,"column":31}},"loc":{"start":{"line":96,"column":36},"end":{"line":98,"column":5}},"line":96}},"branchMap":{"0":{"loc":{"start":{"line":38,"column":8},"end":{"line":46,"column":9}},"type":"if","locations":[{"start":{"line":38,"column":8},"end":{"line":46,"column":9}},{"start":{},"end":{}}],"line":38},"1":{"loc":{"start":{"line":160,"column":13},"end":{"line":162,"column":13}},"type":"binary-expr","locations":[{"start":{"line":160,"column":13},"end":{"line":160,"column":31}},{"start":{"line":161,"column":16},"end":{"line":161,"column":135}}],"line":160}},"s":{"0":12,"1":12,"2":12,"3":12,"4":12,"5":5,"6":5,"7":12,"8":2,"9":3,"10":3,"11":3,"12":3,"13":0,"14":3,"15":3,"16":12,"17":0,"18":0,"19":0,"20":0,"21":0,"22":0,"23":12,"24":0,"25":0,"26":12,"27":0,"28":12,"29":12,"30":12,"31":12,"32":12,"33":12,"34":12},"f":{"0":12,"1":5,"2":2,"3":3,"4":3,"5":0,"6":0,"7":0,"8":0,"9":0,"10":0},"b":{"0":[5,0],"1":[12,0]},"_coverageSchema":"1a1c01bbd47fc00a2c39e90264f33305004495a9","hash":"aa4d41e08045b644f067b78902e188f750462e2a"}
,"C:\\Users\\angel\\Documents\\vite-project\\src\\pages\\receiversDatagrid\\components\\menu.jsx": {"path":"C:\\Users\\angel\\Documents\\vite-project\\src\\pages\\receiversDatagrid\\components\\menu.jsx","statementMap":{"0":{"start":{"line":8,"column":18},"end":{"line":8,"column":31}},"1":{"start":{"line":10,"column":27},"end":{"line":12,"column":2}},"2":{"start":{"line":11,"column":2},"end":{"line":11,"column":31}},"3":{"start":{"line":14,"column":1},"end":{"line":24,"column":3}}},"fnMap":{"0":{"name":"Menu","decl":{"start":{"line":6,"column":24},"end":{"line":6,"column":28}},"loc":{"start":{"line":6,"column":52},"end":{"line":25,"column":1}},"line":6},"1":{"name":"(anonymous_1)","decl":{"start":{"line":10,"column":27},"end":{"line":10,"column":28}},"loc":{"start":{"line":10,"column":33},"end":{"line":12,"column":2}},"line":10}},"branchMap":{},"s":{"0":20,"1":20,"2":0,"3":20},"f":{"0":20,"1":0},"b":{},"_coverageSchema":"1a1c01bbd47fc00a2c39e90264f33305004495a9","hash":"b7f0179605621c9651e793dbd51229fcc431aee4"}
,"C:\\Users\\angel\\Documents\\vite-project\\src\\service\\receivers.jsx": {"path":"C:\\Users\\angel\\Documents\\vite-project\\src\\service\\receivers.jsx","statementMap":{"0":{"start":{"line":3,"column":17},"end":{"line":3,"column":29}},"1":{"start":{"line":4,"column":12},"end":{"line":4,"column":46}},"2":{"start":{"line":7,"column":1},"end":{"line":12,"column":2}},"3":{"start":{"line":8,"column":19},"end":{"line":8,"column":67}},"4":{"start":{"line":9,"column":2},"end":{"line":9,"column":18}},"5":{"start":{"line":11,"column":2},"end":{"line":11,"column":14}},"6":{"start":{"line":16,"column":1},"end":{"line":28,"column":2}},"7":{"start":{"line":17,"column":19},"end":{"line":24,"column":4}},"8":{"start":{"line":18,"column":17},"end":{"line":22,"column":3}},"9":{"start":{"line":23,"column":2},"end":{"line":23,"column":46}},"10":{"start":{"line":25,"column":2},"end":{"line":25,"column":30}},"11":{"start":{"line":27,"column":2},"end":{"line":27,"column":14}},"12":{"start":{"line":32,"column":16},"end":{"line":36,"column":4}},"13":{"start":{"line":37,"column":1},"end":{"line":42,"column":2}},"14":{"start":{"line":38,"column":19},"end":{"line":38,"column":61}},"15":{"start":{"line":39,"column":2},"end":{"line":39,"column":18}},"16":{"start":{"line":41,"column":2},"end":{"line":41,"column":14}},"17":{"start":{"line":46,"column":16},"end":{"line":50,"column":2}},"18":{"start":{"line":51,"column":1},"end":{"line":56,"column":2}},"19":{"start":{"line":52,"column":19},"end":{"line":52,"column":54}},"20":{"start":{"line":53,"column":2},"end":{"line":53,"column":18}},"21":{"start":{"line":55,"column":2},"end":{"line":55,"column":14}},"22":{"start":{"line":60,"column":16},"end":{"line":64,"column":2}},"23":{"start":{"line":65,"column":1},"end":{"line":70,"column":2}},"24":{"start":{"line":66,"column":19},"end":{"line":66,"column":89}},"25":{"start":{"line":67,"column":2},"end":{"line":67,"column":18}},"26":{"start":{"line":69,"column":2},"end":{"line":69,"column":14}},"27":{"start":{"line":74,"column":16},"end":{"line":78,"column":2}},"28":{"start":{"line":79,"column":1},"end":{"line":84,"column":2}},"29":{"start":{"line":80,"column":19},"end":{"line":80,"column":72}},"30":{"start":{"line":81,"column":2},"end":{"line":81,"column":18}},"31":{"start":{"line":83,"column":2},"end":{"line":83,"column":14}}},"fnMap":{"0":{"name":"getReceiversReq","decl":{"start":{"line":6,"column":15},"end":{"line":6,"column":30}},"loc":{"start":{"line":6,"column":33},"end":{"line":13,"column":1}},"line":6},"1":{"name":"deleteReceiversListReq","decl":{"start":{"line":15,"column":15},"end":{"line":15,"column":37}},"loc":{"start":{"line":15,"column":53},"end":{"line":29,"column":1}},"line":15},"2":{"name":"(anonymous_2)","decl":{"start":{"line":17,"column":37},"end":{"line":17,"column":38}},"loc":{"start":{"line":17,"column":43},"end":{"line":24,"column":3}},"line":17},"3":{"name":"deleteReceiverReq","decl":{"start":{"line":31,"column":15},"end":{"line":31,"column":32}},"loc":{"start":{"line":31,"column":37},"end":{"line":43,"column":1}},"line":31},"4":{"name":"postReceiversReq","decl":{"start":{"line":45,"column":15},"end":{"line":45,"column":31}},"loc":{"start":{"line":45,"column":38},"end":{"line":57,"column":1}},"line":45},"5":{"name":"patchReceiverReq","decl":{"start":{"line":59,"column":15},"end":{"line":59,"column":31}},"loc":{"start":{"line":59,"column":54},"end":{"line":71,"column":1}},"line":59},"6":{"name":"updateReceiversReq","decl":{"start":{"line":73,"column":15},"end":{"line":73,"column":33}},"loc":{"start":{"line":73,"column":52},"end":{"line":85,"column":1}},"line":73}},"branchMap":{},"s":{"0":1,"1":1,"2":0,"3":0,"4":0,"5":0,"6":0,"7":0,"8":0,"9":0,"10":0,"11":0,"12":0,"13":0,"14":0,"15":0,"16":0,"17":0,"18":0,"19":0,"20":0,"21":0,"22":0,"23":0,"24":0,"25":0,"26":0,"27":0,"28":0,"29":0,"30":0,"31":0},"f":{"0":0,"1":0,"2":0,"3":0,"4":0,"5":0,"6":0},"b":{},"_coverageSchema":"1a1c01bbd47fc00a2c39e90264f33305004495a9","hash":"0aa76cc62a86769387629187345981fe53902b72"}
,"C:\\Users\\angel\\Documents\\vite-project\\src\\shared-styles\\statusButton.jsx": {"path":"C:\\Users\\angel\\Documents\\vite-project\\src\\shared-styles\\statusButton.jsx","statementMap":{"0":{"start":{"line":4,"column":21},"end":{"line":19,"column":1}},"1":{"start":{"line":8,"column":27},"end":{"line":8,"column":98}}},"fnMap":{"0":{"name":"(anonymous_0)","decl":{"start":{"line":8,"column":18},"end":{"line":8,"column":19}},"loc":{"start":{"line":8,"column":27},"end":{"line":8,"column":98}},"line":8}},"branchMap":{"0":{"loc":{"start":{"line":8,"column":27},"end":{"line":8,"column":98}},"type":"cond-expr","locations":[{"start":{"line":8,"column":56},"end":{"line":8,"column":78}},{"start":{"line":8,"column":81},"end":{"line":8,"column":98}}],"line":8}},"s":{"0":1,"1":117},"f":{"0":117},"b":{"0":[53,64]},"_coverageSchema":"1a1c01bbd47fc00a2c39e90264f33305004495a9","hash":"c2834b925343b5e4b4539e0812039fa567154bac"}
,"C:\\Users\\angel\\Documents\\vite-project\\src\\shared-styles\\theme.jsx": {"path":"C:\\Users\\angel\\Documents\\vite-project\\src\\shared-styles\\theme.jsx","statementMap":{"0":{"start":{"line":1,"column":14},"end":{"line":27,"column":3}}},"fnMap":{},"branchMap":{},"s":{"0":2},"f":{},"b":{},"_coverageSchema":"1a1c01bbd47fc00a2c39e90264f33305004495a9","hash":"7da78ab7ed2365ce924f5055533228ad77b68142"}
,"C:\\Users\\angel\\Documents\\vite-project\\src\\utils\\alertMapping.jsx": {"path":"C:\\Users\\angel\\Documents\\vite-project\\src\\utils\\alertMapping.jsx","statementMap":{"0":{"start":{"line":3,"column":22},"end":{"line":40,"column":1}}},"fnMap":{},"branchMap":{},"s":{"0":1},"f":{},"b":{},"_coverageSchema":"1a1c01bbd47fc00a2c39e90264f33305004495a9","hash":"a4ca5d8d70c323b9e243f64bec5c79d54c97ade5"}
,"C:\\Users\\angel\\Documents\\vite-project\\src\\utils\\iconMapping.jsx": {"path":"C:\\Users\\angel\\Documents\\vite-project\\src\\utils\\iconMapping.jsx","statementMap":{"0":{"start":{"line":4,"column":20},"end":{"line":7,"column":1}}},"fnMap":{},"branchMap":{},"s":{"0":1},"f":{},"b":{},"_coverageSchema":"1a1c01bbd47fc00a2c39e90264f33305004495a9","hash":"12f7de69b155c7ffd153253bf6182f3eb51d53cc"}
}
