TN:
SF:src\__mock__\fileMock.jsx
FNF:0
FNH:0
DA:1,1
LF:1
LH:1
BRF:0
BRH:0
end_of_record
TN:
SF:src\components\buttons\deleteButton\deleteSelectedButton\deleteButton.jsx
FN:4,DeleteSelectedButton
FN:5,(anonymous_1)
FNF:2
FNH:1
FNDA:20,DeleteSelectedButton
FNDA:0,(anonymous_1)
DA:5,20
DA:6,0
DA:9,20
LF:3
LH:2
BRF:0
BRH:0
end_of_record
TN:
SF:src\components\buttons\deleteButton\deleteSelectedButton\styled.jsx
FN:15,(anonymous_0)
FN:16,(anonymous_1)
FNF:2
FNH:2
FNDA:20,(anonymous_0)
FNDA:20,(anonymous_1)
DA:4,1
DA:15,20
DA:16,20
LF:3
LH:3
BRDA:15,0,0,0
BRDA:15,0,1,20
BRDA:16,1,0,0
BRDA:16,1,1,20
BRF:4
BRH:2
end_of_record
TN:
SF:src\components\buttons\dialogButtons\dialogButtons.jsx
FN:6,DialogButtons
FN:9,(anonymous_1)
FN:27,getButtonStyle
FNF:3
FNH:3
FNDA:40,DialogButtons
FNDA:115,(anonymous_1)
FNDA:230,getButtonStyle
DA:7,40
DA:10,115
DA:28,230
DA:30,70
DA:32,70
DA:34,10
DA:36,70
DA:38,10
DA:40,0
LF:9
LH:8
BRDA:16,0,0,35
BRDA:16,0,1,80
BRDA:28,1,0,70
BRDA:28,1,1,70
BRDA:28,1,2,10
BRDA:28,1,3,70
BRDA:28,1,4,10
BRDA:28,1,5,0
BRF:8
BRH:7
end_of_record
TN:
SF:src\components\buttons\dialogButtons\styled.jsx
FNF:0
FNH:0
DA:4,1
LF:1
LH:1
BRF:0
BRH:0
end_of_record
TN:
SF:src\components\buttons\plusButton\plusButton.jsx
FN:6,PlusButton
FNF:1
FNH:1
FNDA:20,PlusButton
DA:7,20
LF:1
LH:1
BRF:0
BRH:0
end_of_record
TN:
SF:src\components\datagrid\datagrid.jsx
FN:9,Datagrid
FN:28,(anonymous_1)
FN:40,(anonymous_2)
FN:44,(anonymous_3)
FN:71,(anonymous_4)
FN:77,(anonymous_5)
FN:82,(anonymous_6)
FN:110,(anonymous_7)
FN:113,(anonymous_8)
FN:125,(anonymous_9)
FN:136,(anonymous_10)
FNF:11
FNH:7
FNDA:38,Datagrid
FNDA:0,(anonymous_1)
FNDA:0,(anonymous_2)
FNDA:82,(anonymous_3)
FNDA:82,(anonymous_4)
FNDA:0,(anonymous_5)
FNDA:13,(anonymous_6)
FNDA:39,(anonymous_7)
FNDA:0,(anonymous_8)
FNDA:3,(anonymous_9)
FNDA:10,(anonymous_10)
DA:21,38
DA:22,38
DA:24,38
DA:25,38
DA:27,38
DA:29,0
DA:34,38
DA:35,38
DA:36,38
DA:38,38
DA:40,38
DA:41,0
DA:44,38
DA:45,82
DA:46,0
DA:48,82
DA:51,38
DA:72,82
DA:77,0
DA:83,13
DA:84,13
DA:111,39
DA:113,0
DA:125,3
DA:136,10
LF:25
LH:20
BRDA:27,0,0,0
BRDA:27,0,1,38
BRDA:45,1,0,0
BRDA:45,1,1,82
BRDA:114,2,0,38
BRDA:114,2,1,1
BRDA:121,3,0,38
BRDA:121,3,1,18
BRDA:122,4,0,5
BRDA:122,4,1,13
BRF:10
BRH:8
end_of_record
TN:
SF:src\components\datagrid\styled.jsx
FNF:0
FNH:0
DA:4,1
LF:1
LH:1
BRF:0
BRH:0
end_of_record
TN:
SF:src\components\dialogs\genericDialog.jsx
FN:5,GenericDialog
FNF:1
FNH:1
FNDA:40,GenericDialog
DA:6,40
LF:1
LH:1
BRF:0
BRH:0
end_of_record
TN:
SF:src\components\filter\filter.jsx
FN:6,Filter
FN:7,(anonymous_1)
FNF:2
FNH:1
FNDA:20,Filter
FNDA:0,(anonymous_1)
DA:7,20
DA:8,0
DA:11,20
LF:3
LH:2
BRF:0
BRH:0
end_of_record
TN:
SF:src\components\filter\styled.jsx
FNF:0
FNH:0
DA:4,1
LF:1
LH:1
BRF:0
BRH:0
end_of_record
TN:
SF:src\components\form\form.jsx
FN:4,Form
FN:18,(anonymous_1)
FN:35,(anonymous_2)
FN:45,(anonymous_3)
FN:55,(anonymous_4)
FN:65,(anonymous_5)
FN:81,(anonymous_6)
FNF:7
FNH:3
FNDA:12,Form
FNDA:2,(anonymous_1)
FNDA:2,(anonymous_2)
FNDA:0,(anonymous_3)
FNDA:0,(anonymous_4)
FNDA:0,(anonymous_5)
FNDA:0,(anonymous_6)
DA:16,12
DA:18,12
DA:19,2
DA:22,12
DA:35,2
DA:45,0
DA:55,0
DA:65,0
DA:81,0
LF:9
LH:5
BRF:0
BRH:0
end_of_record
TN:
SF:src\components\form\styled.jsx
FNF:0
FNH:0
DA:4,1
LF:1
LH:1
BRF:0
BRH:0
end_of_record
TN:
SF:src\components\navbar\navbar.jsx
FN:6,Menu
FN:10,(anonymous_1)
FNF:2
FNH:2
FNDA:3,Menu
FNDA:1,(anonymous_1)
DA:8,3
DA:10,3
DA:11,1
DA:14,3
LF:4
LH:4
BRDA:17,0,0,2
BRDA:17,0,1,1
BRF:2
BRH:2
end_of_record
TN:
SF:src\components\navbar\styled.jsx
FNF:0
FNH:0
DA:4,1
LF:1
LH:1
BRF:0
BRH:0
end_of_record
TN:
SF:src\components\snackbar\snackbar.jsx
FN:8,SimpleSnackbar
FN:13,(anonymous_1)
FNF:2
FNH:1
FNDA:5,SimpleSnackbar
FNDA:0,(anonymous_1)
DA:9,5
DA:10,5
DA:11,5
DA:13,5
DA:14,0
DA:15,0
DA:17,0
DA:21,5
DA:33,5
DA:35,5
LF:10
LH:7
BRDA:14,0,0,0
BRDA:14,0,1,0
BRF:2
BRH:0
end_of_record
TN:
SF:src\pages\receiversDatagrid\receiversDatagrid.jsx
FN:12,ReceiversDatagrid
FN:27,(anonymous_1)
FN:28,(anonymous_2)
FN:37,(anonymous_3)
FN:48,(anonymous_4)
FN:50,(anonymous_5)
FN:50,(anonymous_6)
FN:52,(anonymous_7)
FN:56,(anonymous_8)
FN:59,(anonymous_9)
FN:64,(anonymous_10)
FN:71,(anonymous_11)
FN:75,receiverList
FN:78,(anonymous_13)
FN:82,(anonymous_14)
FNF:15
FNH:6
FNDA:44,ReceiversDatagrid
FNDA:20,(anonymous_1)
FNDA:0,(anonymous_2)
FNDA:20,(anonymous_3)
FNDA:0,(anonymous_4)
FNDA:0,(anonymous_5)
FNDA:0,(anonymous_6)
FNDA:0,(anonymous_7)
FNDA:0,(anonymous_8)
FNDA:0,(anonymous_9)
FNDA:0,(anonymous_10)
FNDA:15,(anonymous_11)
FNDA:23,receiverList
FNDA:23,(anonymous_13)
FNDA:0,(anonymous_14)
DA:13,44
DA:14,43
DA:15,43
DA:16,43
DA:18,43
DA:19,43
DA:20,43
DA:21,43
DA:22,43
DA:23,43
DA:24,43
DA:27,43
DA:28,20
DA:29,0
DA:30,0
DA:31,0
DA:32,0
DA:33,0
DA:34,0
DA:35,0
DA:37,20
DA:48,43
DA:49,0
DA:50,0
DA:52,0
DA:56,43
DA:57,0
DA:58,0
DA:60,0
DA:61,0
DA:62,0
DA:65,0
DA:66,0
DA:68,0
DA:71,43
DA:72,15
DA:76,23
DA:77,23
DA:79,23
DA:80,23
DA:83,0
DA:84,0
DA:88,43
LF:43
LH:23
BRDA:49,0,0,0
BRDA:49,0,1,0
BRDA:90,1,0,23
BRDA:90,1,1,20
BRDA:100,2,0,0
BRDA:100,2,1,20
BRDA:119,3,0,20
BRDA:119,3,1,0
BRDA:122,4,0,20
BRDA:122,4,1,0
BRDA:125,5,0,20
BRDA:125,5,1,0
BRDA:128,6,0,20
BRDA:128,6,1,2
BRDA:131,7,0,20
BRDA:131,7,1,0
BRDA:134,8,0,20
BRDA:134,8,1,3
BRF:18
BRH:11
end_of_record
TN:
SF:src\pages\receiversDatagrid\styled.jsx
FNF:0
FNH:0
DA:4,1
DA:50,1
DA:99,1
DA:128,1
DA:141,1
LF:5
LH:5
BRF:0
BRH:0
end_of_record
TN:
SF:src\pages\receiversDatagrid\components\dialogDetaills.jsx
FN:15,DialogDetails
FN:28,(anonymous_1)
FN:34,(anonymous_2)
FN:38,(anonymous_3)
FN:40,(anonymous_4)
FN:43,(anonymous_5)
FN:51,(anonymous_6)
FN:53,(anonymous_7)
FN:56,(anonymous_8)
FN:63,(anonymous_9)
FN:68,(anonymous_10)
FNF:11
FNH:9
FNDA:23,DialogDetails
FNDA:13,(anonymous_1)
FNDA:1,(anonymous_2)
FNDA:3,(anonymous_3)
FNDA:3,(anonymous_4)
FNDA:0,(anonymous_5)
FNDA:2,(anonymous_6)
FNDA:2,(anonymous_7)
FNDA:0,(anonymous_8)
FNDA:5,(anonymous_9)
FNDA:4,(anonymous_10)
DA:25,23
DA:26,23
DA:28,23
DA:29,13
DA:30,8
DA:34,23
DA:35,1
DA:38,23
DA:39,3
DA:41,3
DA:44,0
DA:46,3
DA:47,3
DA:48,3
DA:51,23
DA:52,2
DA:54,2
DA:57,0
DA:59,2
DA:60,2
DA:63,23
DA:64,5
DA:65,5
DA:68,23
DA:69,4
DA:73,23
DA:116,23
DA:132,23
DA:139,23
DA:144,23
DA:150,23
DA:155,23
LF:32
LH:30
BRDA:29,0,0,8
BRDA:29,0,1,5
BRDA:159,1,0,23
BRDA:159,1,1,5
BRF:4
BRH:4
end_of_record
TN:
SF:src\pages\receiversDatagrid\components\dialogUpdate.jsx
FN:15,DialogUpdate
FN:37,(anonymous_1)
FN:49,(anonymous_2)
FN:56,handleSave
FN:68,(anonymous_4)
FN:71,(anonymous_5)
FN:78,(anonymous_6)
FN:80,(anonymous_7)
FN:83,(anonymous_8)
FN:91,(anonymous_9)
FN:96,(anonymous_10)
FNF:11
FNH:5
FNDA:12,DialogUpdate
FNDA:5,(anonymous_1)
FNDA:2,(anonymous_2)
FNDA:3,handleSave
FNDA:3,(anonymous_4)
FNDA:0,(anonymous_5)
FNDA:0,(anonymous_6)
FNDA:0,(anonymous_7)
FNDA:0,(anonymous_8)
FNDA:0,(anonymous_9)
FNDA:0,(anonymous_10)
DA:25,12
DA:26,12
DA:27,12
DA:29,12
DA:37,12
DA:38,5
DA:39,5
DA:49,12
DA:50,2
DA:57,3
DA:58,3
DA:67,3
DA:69,3
DA:72,0
DA:74,3
DA:75,3
DA:78,12
DA:79,0
DA:81,0
DA:84,0
DA:86,0
DA:87,0
DA:88,0
DA:91,12
DA:92,0
DA:93,0
DA:96,12
DA:97,0
DA:101,12
DA:117,12
DA:124,12
DA:130,12
DA:146,12
DA:152,12
DA:157,12
LF:35
LH:25
BRDA:38,0,0,5
BRDA:38,0,1,0
BRDA:160,1,0,12
BRDA:160,1,1,0
BRF:4
BRH:2
end_of_record
TN:
SF:src\pages\receiversDatagrid\components\menu.jsx
FN:6,Menu
FN:10,(anonymous_1)
FNF:2
FNH:1
FNDA:20,Menu
FNDA:0,(anonymous_1)
DA:8,20
DA:10,20
DA:11,0
DA:14,20
LF:4
LH:3
BRF:0
BRH:0
end_of_record
TN:
SF:src\service\receivers.jsx
FN:6,getReceiversReq
FN:15,deleteReceiversListReq
FN:17,(anonymous_2)
FN:31,deleteReceiverReq
FN:45,postReceiversReq
FN:59,patchReceiverReq
FN:73,updateReceiversReq
FNF:7
FNH:0
FNDA:0,getReceiversReq
FNDA:0,deleteReceiversListReq
FNDA:0,(anonymous_2)
FNDA:0,deleteReceiverReq
FNDA:0,postReceiversReq
FNDA:0,patchReceiverReq
FNDA:0,updateReceiversReq
DA:3,1
DA:4,1
DA:7,0
DA:8,0
DA:9,0
DA:11,0
DA:16,0
DA:17,0
DA:18,0
DA:23,0
DA:25,0
DA:27,0
DA:32,0
DA:37,0
DA:38,0
DA:39,0
DA:41,0
DA:46,0
DA:51,0
DA:52,0
DA:53,0
DA:55,0
DA:60,0
DA:65,0
DA:66,0
DA:67,0
DA:69,0
DA:74,0
DA:79,0
DA:80,0
DA:81,0
DA:83,0
LF:32
LH:2
BRF:0
BRH:0
end_of_record
TN:
SF:src\shared-styles\statusButton.jsx
FN:8,(anonymous_0)
FNF:1
FNH:1
FNDA:117,(anonymous_0)
DA:4,1
DA:8,117
LF:2
LH:2
BRDA:8,0,0,53
BRDA:8,0,1,64
BRF:2
BRH:2
end_of_record
TN:
SF:src\shared-styles\theme.jsx
FNF:0
FNH:0
DA:1,2
LF:1
LH:1
BRF:0
BRH:0
end_of_record
TN:
SF:src\utils\alertMapping.jsx
FNF:0
FNH:0
DA:3,1
LF:1
LH:1
BRF:0
BRH:0
end_of_record
TN:
SF:src\utils\iconMapping.jsx
FNF:0
FNH:0
DA:4,1
LF:1
LH:1
BRF:0
BRH:0
end_of_record
